<?xml version="1.0" encoding="UTF-8"?>
<testsuite xmlns:xsi="http://www.w3.org/2001/XMLSchema-instance" xsi:noNamespaceSchemaLocation="https://maven.apache.org/surefire/maven-surefire-plugin/xsd/surefire-test-report-3.0.xsd" version="3.0" name="com.openapi.taxonomiaservice.especies.EspeciesApplicationTests" time="6.373" tests="1" errors="0" skipped="0" failures="0">
  <properties>
[...]
</properties>
  <testcase name="contextLoads" classname="com.openapi.taxonomiaservice.especies.EspeciesApplicationTests" time="1.244">
    <system-out><![CDATA[19:39:29.527 [main] INFO org.springframework.test.context.support.AnnotationConfigContextLoaderUtils -- Could not detect default configuration classes for test class [com.openapi.taxonomiaservice.especies.EspeciesApplicationTests]: EspeciesApplicationTests does not declare any static, non-private, non-final, nested classes annotated with @Configuration.
19:39:29.770 [main] INFO org.springframework.boot.test.context.SpringBootTestContextBootstrapper -- Found @SpringBootConfiguration com.openapi.taxonomiaservice.especies.EspeciesApplication for test class com.openapi.taxonomiaservice.especies.EspeciesApplicationTests

  .   ____          _            __ _ _
 /\\ / ___'_ __ _ _(_)_ __  __ _ \ \ \ \
( ( )\___ | '_ | '_| | '_ \/ _` | \ \ \ \
 \\/  ___)| |_)| | | | | || (_| |  ) ) ) )
  '  |____| .__|_| |_|_| |_\__, | / / / /
 =========|_|==============|___/=/_/_/_/

 :: Spring Boot ::                (v3.3.4)

2024-10-18T19:39:30.595Z  INFO 960234 --- [especies] [           main] c.o.t.especies.EspeciesApplicationTests  : Starting EspeciesApplicationTests using Java 17.0.12 with PID 960234 (started by clouduser in /home/clouduser/Documents/especies)
2024-10-18T19:39:30.598Z  INFO 960234 --- [especies] [           main] c.o.t.especies.EspeciesApplicationTests  : No active profile set, falling back to 1 default profile: "default"
2024-10-18T19:39:31.981Z  INFO 960234 --- [especies] [           main] .s.d.r.c.RepositoryConfigurationDelegate : Bootstrapping Spring Data MongoDB repositories in DEFAULT mode.
2024-10-18T19:39:32.052Z  INFO 960234 --- [especies] [           main] .s.d.r.c.RepositoryConfigurationDelegate : Finished Spring Data repository scanning in 62 ms. Found 2 MongoDB repository interfaces.
2024-10-18T19:39:32.688Z  INFO 960234 --- [especies] [7qu.mongodb.net] org.mongodb.driver.cluster               : Adding discovered server cluster0-shard-00-00.ol7qu.mongodb.net:27017 to client view of cluster
2024-10-18T19:39:32.731Z  INFO 960234 --- [especies] [           main] org.mongodb.driver.client                : MongoClient with metadata {"driver": {"name": "mongo-java-driver|sync|spring-boot", "version": "5.0.1"}, "os": {"type": "Linux", "name": "Linux", "architecture": "amd64", "version": "5.4.0-196-generic"}, "platform": "Java/Ubuntu/17.0.12+7-Ubuntu-1ubuntu220.04"} created with settings MongoClientSettings{readPreference=primary, writeConcern=WriteConcern{w=null, wTimeout=null ms, journal=null}, retryWrites=true, retryReads=true, readConcern=ReadConcern{level=null}, credential=MongoCredential{mechanism=null, userName='davepo', source='admin', password=<hidden>, mechanismProperties=<hidden>}, transportSettings=null, commandListeners=[], codecRegistry=ProvidersCodecRegistry{codecProviders=[ValueCodecProvider{}, BsonValueCodecProvider{}, DBRefCodecProvider{}, DBObjectCodecProvider{}, DocumentCodecProvider{}, CollectionCodecProvider{}, IterableCodecProvider{}, MapCodecProvider{}, GeoJsonCodecProvider{}, GridFSFileCodecProvider{}, Jsr310CodecProvider{}, JsonObjectCodecProvider{}, BsonCodecProvider{}, EnumCodecProvider{}, com.mongodb.client.model.mql.ExpressionCodecProvider@789c3057, com.mongodb.Jep395RecordCodecProvider@39941489, com.mongodb.KotlinCodecProvider@6f5d0190]}, loggerSettings=LoggerSettings{maxDocumentLength=1000}, clusterSettings={hosts=[127.0.0.1:27017], srvHost=cluster0.ol7qu.mongodb.net, srvServiceName=mongodb, mode=MULTIPLE, requiredClusterType=REPLICA_SET, requiredReplicaSetName='atlas-11q26g-shard-0', serverSelector='null', clusterListeners='[]', serverSelectionTimeout='30000 ms', localThreshold='15 ms'}, socketSettings=SocketSettings{connectTimeoutMS=10000, readTimeoutMS=0, receiveBufferSize=0, proxySettings=ProxySettings{host=null, port=null, username=null, password=null}}, heartbeatSocketSettings=SocketSettings{connectTimeoutMS=10000, readTimeoutMS=10000, receiveBufferSize=0, proxySettings=ProxySettings{host=null, port=null, username=null, password=null}}, connectionPoolSettings=ConnectionPoolSettings{maxSize=100, minSize=0, maxWaitTimeMS=120000, maxConnectionLifeTimeMS=0, maxConnectionIdleTimeMS=0, maintenanceInitialDelayMS=0, maintenanceFrequencyMS=60000, connectionPoolListeners=[], maxConnecting=2}, serverSettings=ServerSettings{heartbeatFrequencyMS=10000, minHeartbeatFrequencyMS=500, serverListeners='[]', serverMonitorListeners='[]'}, sslSettings=SslSettings{enabled=true, invalidHostNameAllowed=false, context=null}, applicationName='null', compressorList=[], uuidRepresentation=JAVA_LEGACY, serverApi=null, autoEncryptionSettings=null, dnsClient=null, inetAddressResolver=null, contextProvider=null}
2024-10-18T19:39:32.759Z  INFO 960234 --- [especies] [7qu.mongodb.net] org.mongodb.driver.cluster               : Adding discovered server cluster0-shard-00-01.ol7qu.mongodb.net:27017 to client view of cluster
2024-10-18T19:39:32.766Z  INFO 960234 --- [especies] [7qu.mongodb.net] org.mongodb.driver.cluster               : Adding discovered server cluster0-shard-00-02.ol7qu.mongodb.net:27017 to client view of cluster
2024-10-18T19:39:33.643Z  INFO 960234 --- [especies] [ngodb.net:27017] org.mongodb.driver.cluster               : Monitor thread successfully connected to server with description ServerDescription{address=cluster0-shard-00-02.ol7qu.mongodb.net:27017, type=REPLICA_SET_PRIMARY, state=CONNECTED, ok=true, minWireVersion=0, maxWireVersion=21, maxDocumentSize=16777216, logicalSessionTimeoutMinutes=30, roundTripTimeNanos=412381287, setName='atlas-11q26g-shard-0', canonicalAddress=cluster0-shard-00-02.ol7qu.mongodb.net:27017, hosts=[cluster0-shard-00-00.ol7qu.mongodb.net:27017, cluster0-shard-00-01.ol7qu.mongodb.net:27017, cluster0-shard-00-02.ol7qu.mongodb.net:27017], passives=[], arbiters=[], primary='cluster0-shard-00-02.ol7qu.mongodb.net:27017', tagSet=TagSet{[Tag{name='availabilityZone', value='use1-az1'}, Tag{name='diskState', value='READY'}, Tag{name='nodeType', value='ELECTABLE'}, Tag{name='provider', value='AWS'}, Tag{name='region', value='US_EAST_1'}, Tag{name='workloadType', value='OPERATIONAL'}]}, electionId=7fffffff00000000000001df, setVersion=213, topologyVersion=TopologyVersion{processId=6711abef610ce2431bbdcb39, counter=9}, lastWriteDate=Fri Oct 18 19:39:33 UTC 2024, lastUpdateTimeNanos=2486527168617815}
2024-10-18T19:39:33.645Z  INFO 960234 --- [especies] [ngodb.net:27017] org.mongodb.driver.cluster               : Monitor thread successfully connected to server with description ServerDescription{address=cluster0-shard-00-00.ol7qu.mongodb.net:27017, type=REPLICA_SET_SECONDARY, state=CONNECTED, ok=true, minWireVersion=0, maxWireVersion=21, maxDocumentSize=16777216, logicalSessionTimeoutMinutes=30, roundTripTimeNanos=409772829, setName='atlas-11q26g-shard-0', canonicalAddress=cluster0-shard-00-00.ol7qu.mongodb.net:27017, hosts=[cluster0-shard-00-00.ol7qu.mongodb.net:27017, cluster0-shard-00-01.ol7qu.mongodb.net:27017, cluster0-shard-00-02.ol7qu.mongodb.net:27017], passives=[], arbiters=[], primary='cluster0-shard-00-02.ol7qu.mongodb.net:27017', tagSet=TagSet{[Tag{name='availabilityZone', value='use1-az4'}, Tag{name='diskState', value='READY'}, Tag{name='nodeType', value='ELECTABLE'}, Tag{name='provider', value='AWS'}, Tag{name='region', value='US_EAST_1'}, Tag{name='workloadType', value='OPERATIONAL'}]}, electionId=null, setVersion=213, topologyVersion=TopologyVersion{processId=6711ad015b5019bd37f90618, counter=5}, lastWriteDate=Fri Oct 18 19:39:33 UTC 2024, lastUpdateTimeNanos=2486527167738938}
2024-10-18T19:39:33.645Z  INFO 960234 --- [especies] [ngodb.net:27017] org.mongodb.driver.cluster               : Monitor thread successfully connected to server with description ServerDescription{address=cluster0-shard-00-01.ol7qu.mongodb.net:27017, type=REPLICA_SET_SECONDARY, state=CONNECTED, ok=true, minWireVersion=0, maxWireVersion=21, maxDocumentSize=16777216, logicalSessionTimeoutMinutes=30, roundTripTimeNanos=412575849, setName='atlas-11q26g-shard-0', canonicalAddress=cluster0-shard-00-01.ol7qu.mongodb.net:27017, hosts=[cluster0-shard-00-00.ol7qu.mongodb.net:27017, cluster0-shard-00-01.ol7qu.mongodb.net:27017, cluster0-shard-00-02.ol7qu.mongodb.net:27017], passives=[], arbiters=[], primary='cluster0-shard-00-02.ol7qu.mongodb.net:27017', tagSet=TagSet{[Tag{name='availabilityZone', value='use1-az6'}, Tag{name='diskState', value='READY'}, Tag{name='nodeType', value='ELECTABLE'}, Tag{name='provider', value='AWS'}, Tag{name='region', value='US_EAST_1'}, Tag{name='workloadType', value='OPERATIONAL'}]}, electionId=null, setVersion=213, topologyVersion=TopologyVersion{processId=6711ae081af19f0767d86727, counter=5}, lastWriteDate=Fri Oct 18 19:39:33 UTC 2024, lastUpdateTimeNanos=2486527171678328}
2024-10-18T19:39:33.648Z  INFO 960234 --- [especies] [ngodb.net:27017] org.mongodb.driver.cluster               : Discovered replica set primary cluster0-shard-00-02.ol7qu.mongodb.net:27017 with max election id 7fffffff00000000000001df and max set version 213
2024-10-18T19:39:34.298Z  INFO 960234 --- [especies] [           main] c.o.t.especies.EspeciesApplicationTests  : Started EspeciesApplicationTests in 4.244 seconds (process running for 5.958)
]]></system-out>
  </testcase>
</testsuite>